
/home/runner/work/exp-surface-tension-iitr/exp-surface-tension-iitr/experiment/simulation/js/ExTitration.js
    4:11   warning  'knob_base' is defined but never used             no-unused-vars
    5:5    warning  'knobImage' is defined but never used             no-unused-vars
   19:5    warning  'increaseDH' is assigned a value but never used   no-unused-vars
   21:7    warning  'drop_dis' is assigned a value but never used     no-unused-vars
   25:17   warning  'nxty' is not defined                             no-undef
   25:29   warning  'nxtw' is not defined                             no-undef
   25:40   warning  'nxth' is not defined                             no-undef
   36:5    warning  'vi' is assigned a value but never used           no-unused-vars
   37:35   warning  'flaskY' is assigned a value but never used       no-unused-vars
   49:22   warning  'tare' is assigned a value but never used         no-unused-vars
   51:5    warning  'frame' is assigned a value but never used        no-unused-vars
   55:1    warning  'runOnce' is not defined                          no-undef
   56:5    warning  'blinking' is assigned a value but never used     no-unused-vars
   89:7    warning  'noStroke' is not defined                         no-undef
   90:7    warning  'push' is not defined                             no-undef
   91:7    warning  'fill' is not defined                             no-undef
   92:7    warning  'ellipse' is not defined                          no-undef
   92:70   warning  'pop' is not defined                              no-undef
  101:10   warning  'preload' is defined but never used               no-unused-vars
  103:10   warning  'loadImage' is not defined                        no-undef
  106:11   warning  'loadImage' is not defined                        no-undef
  108:13   warning  'loadImage' is not defined                        no-undef
  109:3    warning  'digitalFont' is not defined                      no-undef
  109:17   warning  'loadFont' is not defined                         no-undef
  111:3    warning  'gravity' is not defined                          no-undef
  111:13   warning  'loadImage' is not defined                        no-undef
  112:3    warning  'gravityC' is not defined                         no-undef
  112:14   warning  'loadImage' is not defined                        no-undef
  113:3    warning  'gravityW' is not defined                         no-undef
  113:14   warning  'loadImage' is not defined                        no-undef
  114:3    warning  'pippet' is not defined                           no-undef
  114:12   warning  'loadImage' is not defined                        no-undef
  115:3    warning  'pumpI' is not defined                            no-undef
  115:11   warning  'loadImage' is not defined                        no-undef
  116:3    warning  'SOn' is not defined                              no-undef
  116:7    warning  'loadImage' is not defined                        no-undef
  117:3    warning  'SOff' is not defined                             no-undef
  117:8    warning  'loadImage' is not defined                        no-undef
  118:3    warning  'buretteStand' is not defined                     no-undef
  118:16   warning  'loadImage' is not defined                        no-undef
  119:3    warning  'beaker' is not defined                           no-undef
  119:10   warning  'loadImage' is not defined                        no-undef
  120:3    warning  Read-only global 'screen' should not be modified  no-global-assign
  120:10   warning  'loadImage' is not defined                        no-undef
  123:10   warning  'setup' is defined but never used                 no-unused-vars
  128:3    warning  'canvos' is not defined                           no-undef
  128:12   warning  'createCanvas' is not defined                     no-undef
  129:3    warning  'canvos' is not defined                           no-undef
  130:15   warning  'nxty' is not defined                             no-undef
  130:27   warning  'nxtw' is not defined                             no-undef
  130:38   warning  'nxth' is not defined                             no-undef
  131:3    warning  'textFont' is not defined                         no-undef
  131:12   warning  'digitalFont' is not defined                      no-undef
  133:3    warning  'gravityW' is not defined                         no-undef
  136:12   warning  'color' is not defined                            no-undef
  137:15   warning  'color' is not defined                            no-undef
  145:10   warning  'draw' is defined but never used                  no-unused-vars
  162:3    warning  'background' is not defined                       no-undef
  197:3    warning  'image' is not defined                            no-undef
  197:9    warning  'pumpI' is not defined                            no-undef
  201:3    warning  'image' is not defined                            no-undef
  201:9    warning  'pippet' is not defined                           no-undef
  203:3    warning  'image' is not defined                            no-undef
  203:9    warning  'gravityC' is not defined                         no-undef
  204:3    warning  'push' is not defined                             no-undef
  205:3    warning  'fill' is not defined                             no-undef
  206:3    warning  'rect' is not defined                             no-undef
  206:39   warning  'pop' is not defined                              no-undef
  207:3    warning  'image' is not defined                            no-undef
  207:9    warning  'beaker' is not defined                           no-undef
  210:3    warning  'image' is not defined                            no-undef
  212:17   warning  'push' is not defined                             no-undef
  213:3    warning  'fill' is not defined                             no-undef
  214:3    warning  'rect' is not defined                             no-undef
  216:3    warning  'textStyle' is not defined                        no-undef
  216:13   warning  'BOLD' is not defined                             no-undef
  219:3    warning  'fill' is not defined                             no-undef
  220:3    warning  'textSize' is not defined                         no-undef
  221:3    warning  'textAlign' is not defined                        no-undef
  221:13   warning  'CENTER' is not defined                           no-undef
  221:21   warning  'CENTER' is not defined                           no-undef
  223:3    warning  'text' is not defined                             no-undef
  224:4    warning  'pop' is not defined                              no-undef
  226:3    warning  'push' is not defined                             no-undef
  227:3    warning  'translate' is not defined                        no-undef
  297:5    warning  'c' is not defined                                no-undef
  297:9    warning  'gravityW' is not defined                         no-undef
  298:5    warning  'image' is not defined                            no-undef
  298:11   warning  'c' is not defined                                no-undef
  301:5    warning  'image' is not defined                            no-undef
  301:11   warning  'gravityW' is not defined                         no-undef
  303:3    warning  'image' is not defined                            no-undef
  303:9    warning  'gravity' is not defined                          no-undef
  307:5    warning  'push' is not defined                             no-undef
  308:5    warning  'fill' is not defined                             no-undef
  309:5    warning  'rect' is not defined                             no-undef
  315:7    warning  'pop' is not defined                              no-undef
  319:3    warning  'noStroke' is not defined                         no-undef
  320:3    warning  'push' is not defined                             no-undef
  321:3    warning  'fill' is not defined                             no-undef
  322:3    warning  'rect' is not defined                             no-undef
  323:3    warning  'pop' is not defined                              no-undef
  325:3    warning  'image' is not defined                            no-undef
  325:9    warning  'buretteStand' is not defined                     no-undef
  327:3    warning  'push' is not defined                             no-undef
  328:3    warning  'fill' is not defined                             no-undef
  329:3    warning  'stroke' is not defined                           no-undef
  330:3    warning  'ellipse' is not defined                          no-undef
  331:3    warning  'pop' is not defined                              no-undef
  332:3    warning  'push' is not defined                             no-undef
  333:3    warning  'fill' is not defined                             no-undef
  334:3    warning  'stroke' is not defined                           no-undef
  335:3    warning  'ellipse' is not defined                          no-undef
  336:3    warning  'pop' is not defined                              no-undef
  340:14   warning  'color' is not defined                            no-undef
  347:19   warning  'color' is not defined                            no-undef
  358:14   warning  'color' is not defined                            no-undef
  359:17   warning  'color' is not defined                            no-undef
  385:3    warning  'translate' is not defined                        no-undef
  386:3    warning  'translate' is not defined                        no-undef
  386:13   warning  'width' is not defined                            no-undef
  386:24   warning  'height' is not defined                           no-undef
  389:3    warning  'push' is not defined                             no-undef
  390:3    warning  'rotate' is not defined                           no-undef
  390:10   warning  'radians' is not defined                          no-undef
  391:3    warning  'imageMode' is not defined                        no-undef
  391:13   warning  'CENTER' is not defined                           no-undef
  392:3    warning  'image' is not defined                            no-undef
  393:3    warning  'pop' is not defined                              no-undef
  396:11   warning  'cos' is not defined                              no-undef
  396:15   warning  'radians' is not defined                          no-undef
  397:11   warning  'sin' is not defined                              no-undef
  397:15   warning  'radians' is not defined                          no-undef
  398:3    warning  'fill' is not defined                             no-undef
  399:3    warning  'stroke' is not defined                           no-undef
  400:3    warning  'ellipse' is not defined                          no-undef
  401:3    warning  'noStroke' is not defined                         no-undef
  405:3    warning  'push' is not defined                             no-undef
  407:3    warning  'textStyle' is not defined                        no-undef
  407:13   warning  'BOLD' is not defined                             no-undef
  410:3    warning  'fill' is not defined                             no-undef
  411:3    warning  'textSize' is not defined                         no-undef
  412:3    warning  'textAlign' is not defined                        no-undef
  412:13   warning  'CENTER' is not defined                           no-undef
  412:21   warning  'CENTER' is not defined                           no-undef
  415:3    warning  'text' is not defined                             no-undef
  416:4    warning  'pop' is not defined                              no-undef
  424:11   warning  'dist' is not defined                             no-undef
  424:16   warning  'mouseX' is not defined                           no-undef
  424:25   warning  'width' is not defined                            no-undef
  424:44   warning  'mouseY' is not defined                           no-undef
  424:53   warning  'height' is not defined                           no-undef
  424:73   warning  'cos' is not defined                              no-undef
  424:77   warning  'radians' is not defined                          no-undef
  424:113  warning  'sin' is not defined                              no-undef
  424:117  warning  'radians' is not defined                          no-undef
  426:5    warning  'cursor' is not defined                           no-undef
  429:5    warning  'cursor' is not defined                           no-undef
  432:5    warning  'cursor' is not defined                           no-undef
  437:3    warning  'translate' is not defined                        no-undef
  437:14   warning  'width' is not defined                            no-undef
  437:26   warning  'height' is not defined                           no-undef
  438:3    warning  'translate' is not defined                        no-undef
  440:1    warning  'push' is not defined                             no-undef
  441:3    warning  'fill' is not defined                             no-undef
  442:3    warning  'rect' is not defined                             no-undef
  443:3    warning  'rect' is not defined                             no-undef
  444:3    warning  'rect' is not defined                             no-undef
  445:3    warning  'rect' is not defined                             no-undef
  448:3    warning  'pop' is not defined                              no-undef
  452:5    warning  'image' is not defined                            no-undef
  452:11   warning  'SOn' is not defined                              no-undef
  454:5    warning  'image' is not defined                            no-undef
  454:11   warning  'SOff' is not defined                             no-undef
  457:7    warning  'push' is not defined                             no-undef
  458:7    warning  'fill' is not defined                             no-undef
  459:5    warning  'rect' is not defined                             no-undef
  460:5    warning  'fill' is not defined                             no-undef
  461:5    warning  'textSize' is not defined                         no-undef
  462:5    warning  'textAlign' is not defined                        no-undef
  462:15   warning  'LEFT' is not defined                             no-undef
  462:21   warning  'CENTER' is not defined                           no-undef
  463:5    warning  'text' is not defined                             no-undef
  464:5    warning  'textSize' is not defined                         no-undef
  465:5    warning  'textAlign' is not defined                        no-undef
  465:15   warning  'LEFT' is not defined                             no-undef
  465:21   warning  'CENTER' is not defined                           no-undef
  466:5    warning  'text' is not defined                             no-undef
  468:6    warning  'pop' is not defined                              no-undef
  475:9    warning  'millis' is not defined                           no-undef
  477:7    warning  'image' is not defined                            no-undef
  477:28   warning  'nxty' is not defined                             no-undef
  477:34   warning  'nxtw' is not defined                             no-undef
  477:40   warning  'nxth' is not defined                             no-undef
  485:14   warning  'mouseX' is not defined                           no-undef
  485:35   warning  'mouseX' is not defined                           no-undef
  485:56   warning  'mouseY' is not defined                           no-undef
  485:77   warning  'mouseY' is not defined                           no-undef
  486:5    warning  'cursor' is not defined                           no-undef
  488:14   warning  'mouseX' is not defined                           no-undef
  488:35   warning  'mouseX' is not defined                           no-undef
  488:56   warning  'mouseY' is not defined                           no-undef
  488:77   warning  'mouseY' is not defined                           no-undef
  489:5    warning  'cursor' is not defined                           no-undef
  492:14   warning  'mouseX' is not defined                           no-undef
  492:35   warning  'mouseX' is not defined                           no-undef
  492:56   warning  'mouseY' is not defined                           no-undef
  492:77   warning  'mouseY' is not defined                           no-undef
  493:5    warning  'cursor' is not defined                           no-undef
  496:13   warning  'mouseX' is not defined                           no-undef
  496:34   warning  'mouseX' is not defined                           no-undef
  496:55   warning  'mouseY' is not defined                           no-undef
  496:76   warning  'mouseY' is not defined                           no-undef
  497:5    warning  'cursor' is not defined                           no-undef
  500:13   warning  'mouseX' is not defined                           no-undef
  500:34   warning  'mouseX' is not defined                           no-undef
  500:55   warning  'mouseY' is not defined                           no-undef
  500:76   warning  'mouseY' is not defined                           no-undef
  501:5    warning  'cursor' is not defined                           no-undef
  510:3    warning  'push' is not defined                             no-undef
  512:3    warning  'textStyle' is not defined                        no-undef
  512:13   warning  'BOLD' is not defined                             no-undef
  515:3    warning  'fill' is not defined                             no-undef
  516:3    warning  'textSize' is not defined                         no-undef
  517:3    warning  'textAlign' is not defined                        no-undef
  517:13   warning  'CENTER' is not defined                           no-undef
  517:21   warning  'CENTER' is not defined                           no-undef
  520:3    warning  'text' is not defined                             no-undef
  521:3    warning  'text' is not defined                             no-undef
  522:4    warning  'pop' is not defined                              no-undef
  544:10   warning  'doubleClicked' is defined but never used         no-unused-vars
  551:10   warning  'mousePressed' is defined but never used          no-unused-vars
  556:7    warning  'mouseX' is not defined                           no-undef
  556:23   warning  'nxtw' is not defined                             no-undef
  556:35   warning  'mouseX' is not defined                           no-undef
  556:51   warning  'nxtw' is not defined                             no-undef
  556:59   warning  'mouseY' is not defined                           no-undef
  556:68   warning  'nxty' is not defined                             no-undef
  556:75   warning  'nxth' is not defined                             no-undef
  556:87   warning  'mouseY' is not defined                           no-undef
  556:96   warning  'nxty' is not defined                             no-undef
  556:103  warning  'nxth' is not defined                             no-undef
  559:14   warning  'mouseX' is not defined                           no-undef
  559:35   warning  'mouseX' is not defined                           no-undef
  559:56   warning  'mouseY' is not defined                           no-undef
  559:77   warning  'mouseY' is not defined                           no-undef
  570:13   warning  'mouseX' is not defined                           no-undef
  570:34   warning  'mouseX' is not defined                           no-undef
  570:55   warning  'mouseY' is not defined                           no-undef
  570:76   warning  'mouseY' is not defined                           no-undef
  574:14   warning  'mouseX' is not defined                           no-undef
  574:35   warning  'mouseX' is not defined                           no-undef
  574:56   warning  'mouseY' is not defined                           no-undef
  574:77   warning  'mouseY' is not defined                           no-undef
  583:13   warning  'mouseX' is not defined                           no-undef
  583:34   warning  'mouseX' is not defined                           no-undef
  583:55   warning  'mouseY' is not defined                           no-undef
  583:76   warning  'mouseY' is not defined                           no-undef
  587:13   warning  'mouseX' is not defined                           no-undef
  587:34   warning  'mouseX' is not defined                           no-undef
  587:55   warning  'mouseY' is not defined                           no-undef
  587:76   warning  'mouseY' is not defined                           no-undef
  597:7    warning  'mouseX' is not defined                           no-undef
  597:25   warning  'mouseX' is not defined                           no-undef
  598:5    warning  'mouseY' is not defined                           no-undef
  598:23   warning  'mouseY' is not defined                           no-undef
  603:7    warning  'mouseX' is not defined                           no-undef
  603:26   warning  'mouseX' is not defined                           no-undef
  604:5    warning  'mouseY' is not defined                           no-undef
  604:24   warning  'mouseY' is not defined                           no-undef
  607:7    warning  'mouseX' is not defined                           no-undef
  607:26   warning  'mouseX' is not defined                           no-undef
  608:5    warning  'mouseY' is not defined                           no-undef
  608:24   warning  'mouseY' is not defined                           no-undef
  614:11   warning  'dist' is not defined                             no-undef
  614:16   warning  'mouseX' is not defined                           no-undef
  614:25   warning  'width' is not defined                            no-undef
  614:44   warning  'mouseY' is not defined                           no-undef
  614:53   warning  'height' is not defined                           no-undef
  614:73   warning  'cos' is not defined                              no-undef
  614:77   warning  'radians' is not defined                          no-undef
  614:113  warning  'sin' is not defined                              no-undef
  614:117  warning  'radians' is not defined                          no-undef
  618:15   warning  'mouseX' is not defined                           no-undef
  618:24   warning  'width' is not defined                            no-undef
  618:36   warning  'cos' is not defined                              no-undef
  618:40   warning  'radians' is not defined                          no-undef
  619:15   warning  'mouseY' is not defined                           no-undef
  619:24   warning  'height' is not defined                           no-undef
  619:37   warning  'sin' is not defined                              no-undef
  619:41   warning  'radians' is not defined                          no-undef
  635:10   warning  'mouseReleased' is defined but never used         no-unused-vars
  638:3    warning  'runOnce' is not defined                          no-undef
  642:3    warning  'cursor' is not defined                           no-undef
  647:10   warning  'mouseDragged' is defined but never used          no-unused-vars
  650:14   warning  'mouseX' is not defined                           no-undef
  650:23   warning  'width' is not defined                            no-undef
  651:14   warning  'mouseY' is not defined                           no-undef
  651:23   warning  'height' is not defined                           no-undef
  652:19   warning  'atan2' is not defined                            no-undef
  652:41   warning  'PI' is not defined                               no-undef
  658:16   warning  'floor' is not defined                            no-undef
  673:13   warning  'mouseX' is not defined                           no-undef
  674:13   warning  'mouseY' is not defined                           no-undef
  678:14   warning  'mouseX' is not defined                           no-undef
  679:14   warning  'mouseY' is not defined                           no-undef
  683:14   warning  'mouseX' is not defined                           no-undef
  684:14   warning  'mouseY' is not defined                           no-undef

/home/runner/work/exp-surface-tension-iitr/exp-surface-tension-iitr/experiment/simulation/js/ExTitration2.js
    4:11   warning  'knob_base' is defined but never used             no-unused-vars
    5:5    warning  'knobImage' is defined but never used             no-unused-vars
   19:5    warning  'increaseDH' is assigned a value but never used   no-unused-vars
   21:7    warning  'drop_dis' is assigned a value but never used     no-unused-vars
   25:17   warning  'nxty' is not defined                             no-undef
   25:29   warning  'nxtw' is not defined                             no-undef
   25:40   warning  'nxth' is not defined                             no-undef
   36:5    warning  'vi' is assigned a value but never used           no-unused-vars
   37:35   warning  'flaskY' is assigned a value but never used       no-unused-vars
   49:22   warning  'tare' is assigned a value but never used         no-unused-vars
   51:5    warning  'frame' is assigned a value but never used        no-unused-vars
   55:1    warning  'runOnce' is not defined                          no-undef
   56:5    warning  'blinking' is assigned a value but never used     no-unused-vars
  102:7    warning  'noStroke' is not defined                         no-undef
  103:7    warning  'push' is not defined                             no-undef
  104:7    warning  'fill' is not defined                             no-undef
  105:7    warning  'ellipse' is not defined                          no-undef
  105:70   warning  'pop' is not defined                              no-undef
  114:10   warning  'preload' is defined but never used               no-unused-vars
  116:10   warning  'loadImage' is not defined                        no-undef
  119:11   warning  'loadImage' is not defined                        no-undef
  120:13   warning  'loadImage' is not defined                        no-undef
  121:3    warning  'digitalFont' is not defined                      no-undef
  121:17   warning  'loadFont' is not defined                         no-undef
  122:3    warning  'gravity' is not defined                          no-undef
  122:13   warning  'loadImage' is not defined                        no-undef
  123:3    warning  'gravityC' is not defined                         no-undef
  123:14   warning  'loadImage' is not defined                        no-undef
  124:3    warning  'gravityW' is not defined                         no-undef
  124:14   warning  'loadImage' is not defined                        no-undef
  125:3    warning  'pippet' is not defined                           no-undef
  125:12   warning  'loadImage' is not defined                        no-undef
  126:3    warning  'pumpI' is not defined                            no-undef
  126:11   warning  'loadImage' is not defined                        no-undef
  127:3    warning  'SOn' is not defined                              no-undef
  127:7    warning  'loadImage' is not defined                        no-undef
  128:3    warning  'SOff' is not defined                             no-undef
  128:8    warning  'loadImage' is not defined                        no-undef
  129:3    warning  'buretteStand' is not defined                     no-undef
  129:16   warning  'loadImage' is not defined                        no-undef
  130:3    warning  'beaker' is not defined                           no-undef
  130:10   warning  'loadImage' is not defined                        no-undef
  131:3    warning  Read-only global 'screen' should not be modified  no-global-assign
  131:10   warning  'loadImage' is not defined                        no-undef
  136:10   warning  'setup' is defined but never used                 no-unused-vars
  141:3    warning  'canvos' is not defined                           no-undef
  141:12   warning  'createCanvas' is not defined                     no-undef
  142:3    warning  'canvos' is not defined                           no-undef
  143:15   warning  'nxty' is not defined                             no-undef
  143:27   warning  'nxtw' is not defined                             no-undef
  143:38   warning  'nxth' is not defined                             no-undef
  144:3    warning  'textFont' is not defined                         no-undef
  144:12   warning  'digitalFont' is not defined                      no-undef
  146:3    warning  'gravityW' is not defined                         no-undef
  149:12   warning  'color' is not defined                            no-undef
  150:15   warning  'color' is not defined                            no-undef
  158:10   warning  'draw' is defined but never used                  no-unused-vars
  175:3    warning  'background' is not defined                       no-undef
  208:3    warning  'image' is not defined                            no-undef
  208:9    warning  'pumpI' is not defined                            no-undef
  212:3    warning  'image' is not defined                            no-undef
  212:9    warning  'pippet' is not defined                           no-undef
  214:3    warning  'image' is not defined                            no-undef
  214:9    warning  'gravityC' is not defined                         no-undef
  215:3    warning  'push' is not defined                             no-undef
  216:3    warning  'fill' is not defined                             no-undef
  217:3    warning  'rect' is not defined                             no-undef
  217:39   warning  'pop' is not defined                              no-undef
  218:3    warning  'image' is not defined                            no-undef
  218:9    warning  'beaker' is not defined                           no-undef
  221:3    warning  'image' is not defined                            no-undef
  223:17   warning  'push' is not defined                             no-undef
  224:3    warning  'fill' is not defined                             no-undef
  225:3    warning  'rect' is not defined                             no-undef
  227:3    warning  'textStyle' is not defined                        no-undef
  227:13   warning  'BOLD' is not defined                             no-undef
  230:3    warning  'fill' is not defined                             no-undef
  231:3    warning  'textSize' is not defined                         no-undef
  232:3    warning  'textAlign' is not defined                        no-undef
  232:13   warning  'CENTER' is not defined                           no-undef
  232:21   warning  'CENTER' is not defined                           no-undef
  234:3    warning  'text' is not defined                             no-undef
  235:4    warning  'pop' is not defined                              no-undef
  237:3    warning  'push' is not defined                             no-undef
  238:3    warning  'translate' is not defined                        no-undef
  308:5    warning  'c' is not defined                                no-undef
  308:9    warning  'gravityW' is not defined                         no-undef
  309:5    warning  'image' is not defined                            no-undef
  309:11   warning  'c' is not defined                                no-undef
  312:5    warning  'image' is not defined                            no-undef
  312:11   warning  'gravityW' is not defined                         no-undef
  314:3    warning  'image' is not defined                            no-undef
  314:9    warning  'gravity' is not defined                          no-undef
  318:5    warning  'push' is not defined                             no-undef
  319:5    warning  'fill' is not defined                             no-undef
  320:5    warning  'rect' is not defined                             no-undef
  326:7    warning  'pop' is not defined                              no-undef
  330:3    warning  'noStroke' is not defined                         no-undef
  331:3    warning  'push' is not defined                             no-undef
  332:3    warning  'fill' is not defined                             no-undef
  333:3    warning  'rect' is not defined                             no-undef
  334:3    warning  'pop' is not defined                              no-undef
  336:3    warning  'image' is not defined                            no-undef
  336:9    warning  'buretteStand' is not defined                     no-undef
  338:3    warning  'push' is not defined                             no-undef
  339:3    warning  'fill' is not defined                             no-undef
  340:3    warning  'stroke' is not defined                           no-undef
  341:3    warning  'ellipse' is not defined                          no-undef
  342:3    warning  'pop' is not defined                              no-undef
  343:3    warning  'push' is not defined                             no-undef
  344:3    warning  'fill' is not defined                             no-undef
  345:3    warning  'stroke' is not defined                           no-undef
  346:3    warning  'ellipse' is not defined                          no-undef
  347:3    warning  'pop' is not defined                              no-undef
  351:14   warning  'color' is not defined                            no-undef
  358:19   warning  'color' is not defined                            no-undef
  369:14   warning  'color' is not defined                            no-undef
  370:17   warning  'color' is not defined                            no-undef
  396:3    warning  'translate' is not defined                        no-undef
  397:3    warning  'translate' is not defined                        no-undef
  397:13   warning  'width' is not defined                            no-undef
  397:24   warning  'height' is not defined                           no-undef
  400:3    warning  'push' is not defined                             no-undef
  401:3    warning  'rotate' is not defined                           no-undef
  401:10   warning  'radians' is not defined                          no-undef
  402:3    warning  'imageMode' is not defined                        no-undef
  402:13   warning  'CENTER' is not defined                           no-undef
  403:3    warning  'image' is not defined                            no-undef
  404:3    warning  'pop' is not defined                              no-undef
  407:11   warning  'cos' is not defined                              no-undef
  407:15   warning  'radians' is not defined                          no-undef
  408:11   warning  'sin' is not defined                              no-undef
  408:15   warning  'radians' is not defined                          no-undef
  409:3    warning  'fill' is not defined                             no-undef
  410:3    warning  'stroke' is not defined                           no-undef
  411:3    warning  'ellipse' is not defined                          no-undef
  412:3    warning  'noStroke' is not defined                         no-undef
  416:3    warning  'push' is not defined                             no-undef
  418:3    warning  'textStyle' is not defined                        no-undef
  418:13   warning  'BOLD' is not defined                             no-undef
  421:3    warning  'fill' is not defined                             no-undef
  422:3    warning  'textSize' is not defined                         no-undef
  423:3    warning  'textAlign' is not defined                        no-undef
  423:13   warning  'CENTER' is not defined                           no-undef
  423:21   warning  'CENTER' is not defined                           no-undef
  426:3    warning  'text' is not defined                             no-undef
  427:4    warning  'pop' is not defined                              no-undef
  432:11   warning  'dist' is not defined                             no-undef
  432:16   warning  'mouseX' is not defined                           no-undef
  432:25   warning  'width' is not defined                            no-undef
  432:44   warning  'mouseY' is not defined                           no-undef
  432:53   warning  'height' is not defined                           no-undef
  432:73   warning  'cos' is not defined                              no-undef
  432:77   warning  'radians' is not defined                          no-undef
  432:113  warning  'sin' is not defined                              no-undef
  432:117  warning  'radians' is not defined                          no-undef
  434:5    warning  'cursor' is not defined                           no-undef
  437:5    warning  'cursor' is not defined                           no-undef
  440:5    warning  'cursor' is not defined                           no-undef
  445:3    warning  'translate' is not defined                        no-undef
  445:14   warning  'width' is not defined                            no-undef
  445:26   warning  'height' is not defined                           no-undef
  446:3    warning  'translate' is not defined                        no-undef
  448:1    warning  'push' is not defined                             no-undef
  449:3    warning  'fill' is not defined                             no-undef
  450:3    warning  'rect' is not defined                             no-undef
  451:3    warning  'rect' is not defined                             no-undef
  452:3    warning  'rect' is not defined                             no-undef
  453:3    warning  'rect' is not defined                             no-undef
  456:3    warning  'pop' is not defined                              no-undef
  460:5    warning  'image' is not defined                            no-undef
  460:11   warning  'SOn' is not defined                              no-undef
  462:5    warning  'image' is not defined                            no-undef
  462:11   warning  'SOff' is not defined                             no-undef
  465:7    warning  'push' is not defined                             no-undef
  466:7    warning  'fill' is not defined                             no-undef
  467:5    warning  'rect' is not defined                             no-undef
  468:5    warning  'fill' is not defined                             no-undef
  469:5    warning  'textSize' is not defined                         no-undef
  470:5    warning  'textAlign' is not defined                        no-undef
  470:15   warning  'LEFT' is not defined                             no-undef
  470:21   warning  'CENTER' is not defined                           no-undef
  471:5    warning  'text' is not defined                             no-undef
  472:5    warning  'textSize' is not defined                         no-undef
  473:5    warning  'textAlign' is not defined                        no-undef
  473:15   warning  'LEFT' is not defined                             no-undef
  473:21   warning  'CENTER' is not defined                           no-undef
  474:5    warning  'text' is not defined                             no-undef
  476:6    warning  'pop' is not defined                              no-undef
  483:9    warning  'millis' is not defined                           no-undef
  485:7    warning  'image' is not defined                            no-undef
  485:28   warning  'nxty' is not defined                             no-undef
  485:34   warning  'nxtw' is not defined                             no-undef
  485:40   warning  'nxth' is not defined                             no-undef
  493:14   warning  'mouseX' is not defined                           no-undef
  493:35   warning  'mouseX' is not defined                           no-undef
  493:56   warning  'mouseY' is not defined                           no-undef
  493:77   warning  'mouseY' is not defined                           no-undef
  494:5    warning  'cursor' is not defined                           no-undef
  496:14   warning  'mouseX' is not defined                           no-undef
  496:35   warning  'mouseX' is not defined                           no-undef
  496:56   warning  'mouseY' is not defined                           no-undef
  496:77   warning  'mouseY' is not defined                           no-undef
  497:5    warning  'cursor' is not defined                           no-undef
  500:14   warning  'mouseX' is not defined                           no-undef
  500:35   warning  'mouseX' is not defined                           no-undef
  500:56   warning  'mouseY' is not defined                           no-undef
  500:77   warning  'mouseY' is not defined                           no-undef
  501:5    warning  'cursor' is not defined                           no-undef
  504:13   warning  'mouseX' is not defined                           no-undef
  504:34   warning  'mouseX' is not defined                           no-undef
  504:55   warning  'mouseY' is not defined                           no-undef
  504:76   warning  'mouseY' is not defined                           no-undef
  505:5    warning  'cursor' is not defined                           no-undef
  508:13   warning  'mouseX' is not defined                           no-undef
  508:34   warning  'mouseX' is not defined                           no-undef
  508:55   warning  'mouseY' is not defined                           no-undef
  508:76   warning  'mouseY' is not defined                           no-undef
  509:5    warning  'cursor' is not defined                           no-undef
  518:3    warning  'push' is not defined                             no-undef
  520:3    warning  'textStyle' is not defined                        no-undef
  520:13   warning  'BOLD' is not defined                             no-undef
  523:3    warning  'fill' is not defined                             no-undef
  524:3    warning  'textSize' is not defined                         no-undef
  525:3    warning  'textAlign' is not defined                        no-undef
  525:13   warning  'CENTER' is not defined                           no-undef
  525:21   warning  'CENTER' is not defined                           no-undef
  528:3    warning  'text' is not defined                             no-undef
  529:3    warning  'text' is not defined                             no-undef
  530:4    warning  'pop' is not defined                              no-undef
  552:10   warning  'doubleClicked' is defined but never used         no-unused-vars
  559:10   warning  'mousePressed' is defined but never used          no-unused-vars
  564:7    warning  'mouseX' is not defined                           no-undef
  564:23   warning  'nxtw' is not defined                             no-undef
  564:35   warning  'mouseX' is not defined                           no-undef
  564:51   warning  'nxtw' is not defined                             no-undef
  564:59   warning  'mouseY' is not defined                           no-undef
  564:68   warning  'nxty' is not defined                             no-undef
  564:75   warning  'nxth' is not defined                             no-undef
  564:87   warning  'mouseY' is not defined                           no-undef
  564:96   warning  'nxty' is not defined                             no-undef
  564:103  warning  'nxth' is not defined                             no-undef
  567:14   warning  'mouseX' is not defined                           no-undef
  567:35   warning  'mouseX' is not defined                           no-undef
  567:56   warning  'mouseY' is not defined                           no-undef
  567:77   warning  'mouseY' is not defined                           no-undef
  578:13   warning  'mouseX' is not defined                           no-undef
  578:34   warning  'mouseX' is not defined                           no-undef
  578:55   warning  'mouseY' is not defined                           no-undef
  578:76   warning  'mouseY' is not defined                           no-undef
  582:14   warning  'mouseX' is not defined                           no-undef
  582:35   warning  'mouseX' is not defined                           no-undef
  582:56   warning  'mouseY' is not defined                           no-undef
  582:77   warning  'mouseY' is not defined                           no-undef
  591:13   warning  'mouseX' is not defined                           no-undef
  591:34   warning  'mouseX' is not defined                           no-undef
  591:55   warning  'mouseY' is not defined                           no-undef
  591:76   warning  'mouseY' is not defined                           no-undef
  595:13   warning  'mouseX' is not defined                           no-undef
  595:34   warning  'mouseX' is not defined                           no-undef
  595:55   warning  'mouseY' is not defined                           no-undef
  595:76   warning  'mouseY' is not defined                           no-undef
  605:7    warning  'mouseX' is not defined                           no-undef
  605:25   warning  'mouseX' is not defined                           no-undef
  606:5    warning  'mouseY' is not defined                           no-undef
  606:23   warning  'mouseY' is not defined                           no-undef
  611:7    warning  'mouseX' is not defined                           no-undef
  611:26   warning  'mouseX' is not defined                           no-undef
  612:5    warning  'mouseY' is not defined                           no-undef
  612:24   warning  'mouseY' is not defined                           no-undef
  615:7    warning  'mouseX' is not defined                           no-undef
  615:26   warning  'mouseX' is not defined                           no-undef
  616:5    warning  'mouseY' is not defined                           no-undef
  616:24   warning  'mouseY' is not defined                           no-undef
  622:11   warning  'dist' is not defined                             no-undef
  622:16   warning  'mouseX' is not defined                           no-undef
  622:25   warning  'width' is not defined                            no-undef
  622:44   warning  'mouseY' is not defined                           no-undef
  622:53   warning  'height' is not defined                           no-undef
  622:73   warning  'cos' is not defined                              no-undef
  622:77   warning  'radians' is not defined                          no-undef
  622:113  warning  'sin' is not defined                              no-undef
  622:117  warning  'radians' is not defined                          no-undef
  626:15   warning  'mouseX' is not defined                           no-undef
  626:24   warning  'width' is not defined                            no-undef
  626:36   warning  'cos' is not defined                              no-undef
  626:40   warning  'radians' is not defined                          no-undef
  627:15   warning  'mouseY' is not defined                           no-undef
  627:24   warning  'height' is not defined                           no-undef
  627:37   warning  'sin' is not defined                              no-undef
  627:41   warning  'radians' is not defined                          no-undef
  643:10   warning  'mouseReleased' is defined but never used         no-unused-vars
  646:3    warning  'runOnce' is not defined                          no-undef
  650:3    warning  'cursor' is not defined                           no-undef
  655:10   warning  'mouseDragged' is defined but never used          no-unused-vars
  658:14   warning  'mouseX' is not defined                           no-undef
  658:23   warning  'width' is not defined                            no-undef
  659:14   warning  'mouseY' is not defined                           no-undef
  659:23   warning  'height' is not defined                           no-undef
  660:19   warning  'atan2' is not defined                            no-undef
  660:41   warning  'PI' is not defined                               no-undef
  666:16   warning  'floor' is not defined                            no-undef
  681:13   warning  'mouseX' is not defined                           no-undef
  682:13   warning  'mouseY' is not defined                           no-undef
  686:14   warning  'mouseX' is not defined                           no-undef
  687:14   warning  'mouseY' is not defined                           no-undef
  691:14   warning  'mouseX' is not defined                           no-undef
  692:14   warning  'mouseY' is not defined                           no-undef

/home/runner/work/exp-surface-tension-iitr/exp-surface-tension-iitr/experiment/simulation/js/Test.js
   3:10  warning  'setup' is defined but never used  no-unused-vars
   4:3   warning  'createCanvas' is not defined      no-undef
   6:38  warning  'random' is not defined            no-undef
   6:45  warning  'width' is not defined             no-undef
   6:53  warning  'random' is not defined            no-undef
   6:60  warning  'height' is not defined            no-undef
  10:10  warning  'draw' is defined but never used   no-unused-vars
  11:3   warning  'background' is not defined        no-undef
  21:21  warning  'createVector' is not defined      no-undef
  22:21  warning  'createVector' is not defined      no-undef
  23:25  warning  'createVector' is not defined      no-undef
  24:17  warning  'random' is not defined            no-undef
  29:27  warning  'createVector' is not defined      no-undef
  41:50  warning  'width' is not defined             no-undef
  44:27  warning  'height' is not defined            no-undef
  45:25  warning  'height' is not defined            no-undef
  51:5   warning  'fill' is not defined              no-undef
  52:5   warning  'noStroke' is not defined          no-undef
  53:5   warning  'ellipse' is not defined           no-undef

/home/runner/work/exp-surface-tension-iitr/exp-surface-tension-iitr/experiment/simulation/js/test drag.js
   6:10  warning  'setup' is defined but never used          no-unused-vars
   7:3   warning  'createCanvas' is not defined              no-undef
   8:11  warning  'width' is not defined                     no-undef
   9:11  warning  'height' is not defined                    no-undef
  12:10  warning  'draw' is defined but never used           no-unused-vars
  13:3   warning  'background' is not defined                no-undef
  16:1   warning  'u' is not defined                         no-undef
  16:56  warning  'width' is not defined                     no-undef
  16:82  warning  'height' is not defined                    no-undef
  20:23  warning  'u' is not defined                         no-undef
  21:11  warning  'width' is not defined                     no-undef
  22:11  warning  'height' is not defined                    no-undef
  26:3   warning  'fill' is not defined                      no-undef
  27:3   warning  'rect' is not defined                      no-undef
  29:5   warning  'fill' is not defined                      no-undef
  30:3   warning  'rect' is not defined                      no-undef
  31:3   warning  'rect' is not defined                      no-undef
  31:8   warning  'width' is not defined                     no-undef
  31:35  warning  'height' is not defined                    no-undef
  34:10  warning  'mousePressed' is defined but never used   no-unused-vars
  36:7   warning  'mouseX' is not defined                    no-undef
  36:25  warning  'mouseX' is not defined                    no-undef
  37:7   warning  'mouseY' is not defined                    no-undef
  37:25  warning  'mouseY' is not defined                    no-undef
  42:10  warning  'mouseDragged' is defined but never used   no-unused-vars
  46:13  warning  'mouseX' is not defined                    no-undef
  47:13  warning  'mouseY' is not defined                    no-undef
  51:10  warning  'mouseReleased' is defined but never used  no-unused-vars

 663 problems (0 errors, 663 warnings)

